<?xml version="1.0" encoding="UTF-8"?>
<testng-results ignored="0" total="1" passed="1" failed="0" skipped="0">
  <reporter-output>
    <line>
      <![CDATA[Setting up the report and test is getting ready]]>
    </line>
    <line>
      <![CDATA[Setting done Test can be started]]>
    </line>
    <line>
      <![CDATA[Trying to start Browser and getting application ready]]>
    </line>
    <line>
      <![CDATA[Browser and apllication is up and running]]>
    </line>
    <line>
      <![CDATA[Test is about to end]]>
    </line>
    <line>
      <![CDATA[Test Completed>>>>Reports Generated]]>
    </line>
  </reporter-output>
  <suite started-at="2019-02-07T11:26:32Z" name="Default suite" finished-at="2019-02-07T11:26:51Z" duration-ms="18941">
    <groups>
    </groups>
    <test started-at="2019-02-07T11:26:32Z" name="Default test" finished-at="2019-02-07T11:26:51Z" duration-ms="18941">
      <class name="com.automation.testcases.LoginApp">
        <test-method is-config="true" signature="setUpSuite()[pri:0, instance:com.automation.testcases.LoginApp@4009e306]" started-at="2019-02-07T16:56:31Z" name="setUpSuite" finished-at="2019-02-07T16:56:32Z" duration-ms="865" status="PASS">
          <reporter-output>
            <line>
              <![CDATA[Setting up the report and test is getting ready]]>
            </line>
            <line>
              <![CDATA[Setting done Test can be started]]>
            </line>
          </reporter-output>
        </test-method> <!-- setUpSuite -->
        <test-method is-config="true" signature="setUp()[pri:0, instance:com.automation.testcases.LoginApp@4009e306]" started-at="2019-02-07T16:56:32Z" name="setUp" finished-at="2019-02-07T16:56:45Z" duration-ms="13034" status="PASS">
          <reporter-output>
            <line>
              <![CDATA[Trying to start Browser and getting application ready]]>
            </line>
            <line>
              <![CDATA[Browser and apllication is up and running]]>
            </line>
          </reporter-output>
        </test-method> <!-- setUp -->
        <test-method signature="Login()[pri:0, instance:com.automation.testcases.LoginApp@4009e306]" started-at="2019-02-07T16:56:45Z" name="Login" finished-at="2019-02-07T16:56:47Z" duration-ms="2219" status="PASS">
          <reporter-output>
          </reporter-output>
        </test-method> <!-- Login -->
        <test-method is-config="true" signature="tearDownMethod(org.testng.ITestResult)[pri:0, instance:com.automation.testcases.LoginApp@4009e306]" started-at="2019-02-07T16:56:47Z" name="tearDownMethod" finished-at="2019-02-07T16:56:49Z" duration-ms="2306" status="PASS">
          <params>
            <param index="0">
              <value>
                <![CDATA[[TestResult name=Login status=SUCCESS method=LoginApp.Login()[pri:0, instance:com.automation.testcases.LoginApp@4009e306] output={null}]]]>
              </value>
            </param>
          </params>
          <reporter-output>
          </reporter-output>
        </test-method> <!-- tearDownMethod -->
        <test-method is-config="true" signature="tearDown()[pri:0, instance:com.automation.testcases.LoginApp@4009e306]" started-at="2019-02-07T16:56:49Z" name="tearDown" finished-at="2019-02-07T16:56:51Z" duration-ms="1349" status="PASS">
          <reporter-output>
            <line>
              <![CDATA[Test is about to end]]>
            </line>
            <line>
              <![CDATA[Test Completed>>>>Reports Generated]]>
            </line>
          </reporter-output>
        </test-method> <!-- tearDown -->
      </class> <!-- com.automation.testcases.LoginApp -->
    </test> <!-- Default test -->
  </suite> <!-- Default suite -->
</testng-results>
